<?xml version="1.0" encoding="UTF-8" ?>
<testsuite failures="0" time="7.351" errors="0" skipped="0" tests="1" name="org.talend.gcsComponentTest">
  <properties>
    <property name="java.runtime.name" value="Java(TM) SE Runtime Environment"/>
    <property name="sun.boot.library.path" value="/Library/Java/JavaVirtualMachines/jdk1.7.0_21.jdk/Contents/Home/jre/lib"/>
    <property name="java.vm.version" value="23.21-b01"/>
    <property name="gopherProxySet" value="false"/>
    <property name="java.vm.vendor" value="Oracle Corporation"/>
    <property name="java.vendor.url" value="http://java.oracle.com/"/>
    <property name="path.separator" value=":"/>
    <property name="java.vm.name" value="Java HotSpot(TM) 64-Bit Server VM"/>
    <property name="file.encoding.pkg" value="sun.io"/>
    <property name="user.country" value="FR"/>
    <property name="sun.java.launcher" value="SUN_STANDARD"/>
    <property name="sun.os.patch.level" value="unknown"/>
    <property name="org.apache.camel.jmx.disabled" value="true"/>
    <property name="java.vm.specification.name" value="Java Virtual Machine Specification"/>
    <property name="user.dir" value="/Users/bahaaldine/Talend/workspace/CamelGoogleStorage/camel-gstorage"/>
    <property name="java.runtime.version" value="1.7.0_21-b12"/>
    <property name="java.awt.graphicsenv" value="sun.awt.CGraphicsEnvironment"/>
    <property name="basedir" value="/Users/bahaaldine/Talend/workspace/CamelGoogleStorage/camel-gstorage"/>
    <property name="java.endorsed.dirs" value="/Library/Java/JavaVirtualMachines/jdk1.7.0_21.jdk/Contents/Home/jre/lib/endorsed"/>
    <property name="os.arch" value="x86_64"/>
    <property name="surefire.real.class.path" value="/Users/bahaaldine/Talend/workspace/CamelGoogleStorage/camel-gstorage/target/surefire/surefirebooter730621402325225754.jar"/>
    <property name="java.io.tmpdir" value="/var/folders/f3/xk3xnscs42v7byq956brtk5w0000gn/T/"/>
    <property name="line.separator" value="
"/>
    <property name="java.vm.specification.vendor" value="Oracle Corporation"/>
    <property name="os.name" value="Mac OS X"/>
    <property name="sun.jnu.encoding" value="UTF-8"/>
    <property name="java.library.path" value="/Users/bahaaldine/Library/Java/Extensions:/Library/Java/Extensions:/Network/Library/Java/Extensions:/System/Library/Java/Extensions:/usr/lib/java:."/>
    <property name="surefire.test.class.path" value="/Users/bahaaldine/Talend/workspace/CamelGoogleStorage/camel-gstorage/target/test-classes:/Users/bahaaldine/Talend/workspace/CamelGoogleStorage/camel-gstorage/target/classes:/Users/bahaaldine/.m2/repository/org/apache/camel/camel-core/2.10.4/camel-core-2.10.4.jar:/Users/bahaaldine/.m2/repository/com/sun/xml/bind/jaxb-impl/2.2.5/jaxb-impl-2.2.5.jar:/Users/bahaaldine/.m2/repository/com/google/api/client/google-api-client/1.2.2-alpha/google-api-client-1.2.2-alpha.jar:/Users/bahaaldine/.m2/repository/org/codehaus/jackson/jackson-core-asl/1.5.7/jackson-core-asl-1.5.7.jar:/Users/bahaaldine/.m2/repository/xpp3/xpp3/1.1.4c/xpp3-1.1.4c.jar:/Users/bahaaldine/.m2/repository/org/apache/httpcomponents/httpclient/4.0.1/httpclient-4.0.1.jar:/Users/bahaaldine/.m2/repository/org/apache/httpcomponents/httpcore/4.0.1/httpcore-4.0.1.jar:/Users/bahaaldine/.m2/repository/commons-logging/commons-logging/1.1.1/commons-logging-1.1.1.jar:/Users/bahaaldine/.m2/repository/commons-codec/commons-codec/1.3/commons-codec-1.3.jar:/Users/bahaaldine/.m2/repository/commons-io/commons-io/1.3.2/commons-io-1.3.2.jar:/Users/bahaaldine/.m2/repository/org/slf4j/slf4j-api/1.6.6/slf4j-api-1.6.6.jar:/Users/bahaaldine/.m2/repository/org/slf4j/slf4j-log4j12/1.6.6/slf4j-log4j12-1.6.6.jar:/Users/bahaaldine/.m2/repository/log4j/log4j/1.2.17/log4j-1.2.17.jar:/Users/bahaaldine/.m2/repository/org/apache/camel/camel-test/2.10.4/camel-test-2.10.4.jar:/Users/bahaaldine/.m2/repository/junit/junit/4.10/junit-4.10.jar:/Users/bahaaldine/.m2/repository/org/hamcrest/hamcrest-core/1.1/hamcrest-core-1.1.jar:"/>
    <property name="java.specification.name" value="Java Platform API Specification"/>
    <property name="java.class.version" value="51.0"/>
    <property name="sun.management.compiler" value="HotSpot 64-Bit Tiered Compilers"/>
    <property name="os.version" value="10.8.4"/>
    <property name="http.nonProxyHosts" value="local|*.local|169.254/16|*.169.254/16|sanef.groupe|*.sanef.groupe|10.110.120.145|10.20.20.5|192.16.208.16|192.16.208.47|localhost|*.localhost|iock.naville.ch|*.iock.naville.ch|cite.naville.ch|*.cite.naville.ch|segal.naville.ch|*.segal.naville.ch"/>
    <property name="user.home" value="/Users/bahaaldine"/>
    <property name="user.timezone" value="Europe/Paris"/>
    <property name="java.awt.printerjob" value="sun.lwawt.macosx.CPrinterJob"/>
    <property name="java.specification.version" value="1.7"/>
    <property name="file.encoding" value="UTF-8"/>
    <property name="user.name" value="bahaaldine"/>
    <property name="java.class.path" value="/Users/bahaaldine/Talend/workspace/CamelGoogleStorage/camel-gstorage/target/test-classes:/Users/bahaaldine/Talend/workspace/CamelGoogleStorage/camel-gstorage/target/classes:/Users/bahaaldine/.m2/repository/org/apache/camel/camel-core/2.10.4/camel-core-2.10.4.jar:/Users/bahaaldine/.m2/repository/com/sun/xml/bind/jaxb-impl/2.2.5/jaxb-impl-2.2.5.jar:/Users/bahaaldine/.m2/repository/com/google/api/client/google-api-client/1.2.2-alpha/google-api-client-1.2.2-alpha.jar:/Users/bahaaldine/.m2/repository/org/codehaus/jackson/jackson-core-asl/1.5.7/jackson-core-asl-1.5.7.jar:/Users/bahaaldine/.m2/repository/xpp3/xpp3/1.1.4c/xpp3-1.1.4c.jar:/Users/bahaaldine/.m2/repository/org/apache/httpcomponents/httpclient/4.0.1/httpclient-4.0.1.jar:/Users/bahaaldine/.m2/repository/org/apache/httpcomponents/httpcore/4.0.1/httpcore-4.0.1.jar:/Users/bahaaldine/.m2/repository/commons-logging/commons-logging/1.1.1/commons-logging-1.1.1.jar:/Users/bahaaldine/.m2/repository/commons-codec/commons-codec/1.3/commons-codec-1.3.jar:/Users/bahaaldine/.m2/repository/commons-io/commons-io/1.3.2/commons-io-1.3.2.jar:/Users/bahaaldine/.m2/repository/org/slf4j/slf4j-api/1.6.6/slf4j-api-1.6.6.jar:/Users/bahaaldine/.m2/repository/org/slf4j/slf4j-log4j12/1.6.6/slf4j-log4j12-1.6.6.jar:/Users/bahaaldine/.m2/repository/log4j/log4j/1.2.17/log4j-1.2.17.jar:/Users/bahaaldine/.m2/repository/org/apache/camel/camel-test/2.10.4/camel-test-2.10.4.jar:/Users/bahaaldine/.m2/repository/junit/junit/4.10/junit-4.10.jar:/Users/bahaaldine/.m2/repository/org/hamcrest/hamcrest-core/1.1/hamcrest-core-1.1.jar:"/>
    <property name="java.vm.specification.version" value="1.7"/>
    <property name="sun.arch.data.model" value="64"/>
    <property name="java.home" value="/Library/Java/JavaVirtualMachines/jdk1.7.0_21.jdk/Contents/Home/jre"/>
    <property name="sun.java.command" value="/Users/bahaaldine/Talend/workspace/CamelGoogleStorage/camel-gstorage/target/surefire/surefirebooter730621402325225754.jar /Users/bahaaldine/Talend/workspace/CamelGoogleStorage/camel-gstorage/target/surefire/surefire3830117930797998317tmp /Users/bahaaldine/Talend/workspace/CamelGoogleStorage/camel-gstorage/target/surefire/surefire9110438004909173462tmp"/>
    <property name="java.specification.vendor" value="Oracle Corporation"/>
    <property name="user.language" value="fr"/>
    <property name="awt.toolkit" value="sun.lwawt.macosx.LWCToolkit"/>
    <property name="java.vm.info" value="mixed mode"/>
    <property name="java.version" value="1.7.0_21"/>
    <property name="java.ext.dirs" value="/Users/bahaaldine/Library/Java/Extensions:/Library/Java/JavaVirtualMachines/jdk1.7.0_21.jdk/Contents/Home/jre/lib/ext:/Library/Java/Extensions:/Network/Library/Java/Extensions:/System/Library/Java/Extensions:/usr/lib/java"/>
    <property name="sun.boot.class.path" value="/Library/Java/JavaVirtualMachines/jdk1.7.0_21.jdk/Contents/Home/jre/lib/resources.jar:/Library/Java/JavaVirtualMachines/jdk1.7.0_21.jdk/Contents/Home/jre/lib/rt.jar:/Library/Java/JavaVirtualMachines/jdk1.7.0_21.jdk/Contents/Home/jre/lib/sunrsasign.jar:/Library/Java/JavaVirtualMachines/jdk1.7.0_21.jdk/Contents/Home/jre/lib/jsse.jar:/Library/Java/JavaVirtualMachines/jdk1.7.0_21.jdk/Contents/Home/jre/lib/jce.jar:/Library/Java/JavaVirtualMachines/jdk1.7.0_21.jdk/Contents/Home/jre/lib/charsets.jar:/Library/Java/JavaVirtualMachines/jdk1.7.0_21.jdk/Contents/Home/jre/lib/jfr.jar:/Library/Java/JavaVirtualMachines/jdk1.7.0_21.jdk/Contents/Home/jre/lib/JObjC.jar:/Library/Java/JavaVirtualMachines/jdk1.7.0_21.jdk/Contents/Home/jre/classes"/>
    <property name="java.vendor" value="Oracle Corporation"/>
    <property name="localRepository" value="/Users/bahaaldine/.m2/repository"/>
    <property name="file.separator" value="/"/>
    <property name="java.vendor.url.bug" value="http://bugreport.sun.com/bugreport/"/>
    <property name="sun.cpu.endian" value="little"/>
    <property name="sun.io.unicode.encoding" value="UnicodeBig"/>
    <property name="socksNonProxyHosts" value="local|*.local|169.254/16|*.169.254/16|sanef.groupe|*.sanef.groupe|10.110.120.145|10.20.20.5|192.16.208.16|192.16.208.47|localhost|*.localhost|iock.naville.ch|*.iock.naville.ch|cite.naville.ch|*.cite.naville.ch|segal.naville.ch|*.segal.naville.ch"/>
    <property name="ftp.nonProxyHosts" value="local|*.local|169.254/16|*.169.254/16|sanef.groupe|*.sanef.groupe|10.110.120.145|10.20.20.5|192.16.208.16|192.16.208.47|localhost|*.localhost|iock.naville.ch|*.iock.naville.ch|cite.naville.ch|*.cite.naville.ch|segal.naville.ch|*.segal.naville.ch"/>
    <property name="sun.cpu.isalist" value=""/>
  </properties>
  <testcase time="7.203" classname="org.talend.gcsComponentTest" name="testgcs"/>
</testsuite>